<?xml version="1.0" encoding="UTF-8"?>
<testsuite xmlns:xsi="http://www.w3.org/2001/XMLSchema-instance" xsi:noNamespaceSchemaLocation="https://maven.apache.org/surefire/maven-surefire-plugin/xsd/surefire-test-report-3.0.xsd" version="3.0" name="com.seng324.AccountValidatorTest" time="0.173" tests="44" errors="0" skipped="0" failures="0">
  <properties>
[...]
</properties>
  <testcase name="tc01_validFirstName" classname="com.seng324.AccountValidatorTest" time="0.03">
    <system-out><![CDATA[=== AccountValidator Test Suite Started ===
Running: TC01 - Valid first name returns true (EP: valid partition)
Completed: TC01 - Valid first name returns true (EP: valid partition)
]]></system-out>
  </testcase>
  <testcase name="tc02_emptyFirstName" classname="com.seng324.AccountValidatorTest" time="0.002">
    <system-out><![CDATA[Running: TC02 - Empty first name returns false (EP: invalid partition)
Completed: TC02 - Empty first name returns false (EP: invalid partition)
]]></system-out>
  </testcase>
  <testcase name="tc03_firstNameWithDigits" classname="com.seng324.AccountValidatorTest" time="0.001">
    <system-out><![CDATA[Running: TC03 - First name with digits returns false (EP: invalid partition)
Completed: TC03 - First name with digits returns false (EP: invalid partition)
]]></system-out>
  </testcase>
  <testcase name="tc04_firstNameMinBoundary" classname="com.seng324.AccountValidatorTest" time="0.001">
    <system-out><![CDATA[Running: TC04 - First name of 1 character returns true (BVA: min boundary)
Completed: TC04 - First name of 1 character returns true (BVA: min boundary)
]]></system-out>
  </testcase>
  <testcase name="tc05_firstNameMaxBoundary" classname="com.seng324.AccountValidatorTest" time="0.003">
    <system-out><![CDATA[Running: TC05 - First name of 50 characters returns true (BVA: max boundary)
Completed: TC05 - First name of 50 characters returns true (BVA: max boundary)
]]></system-out>
  </testcase>
  <testcase name="tc06_firstNameAboveMax" classname="com.seng324.AccountValidatorTest" time="0.001">
    <system-out><![CDATA[Running: TC06 - First name of 51 characters returns false (BVA: above max)
Completed: TC06 - First name of 51 characters returns false (BVA: above max)
]]></system-out>
  </testcase>
  <testcase name="tc07_firstNameXssPayload" classname="com.seng324.AccountValidatorTest" time="0.001">
    <system-out><![CDATA[Running: TC07 - First name with XSS payload returns false (Robustness)
Completed: TC07 - First name with XSS payload returns false (Robustness)
]]></system-out>
  </testcase>
  <testcase name="tc08_nullFirstName" classname="com.seng324.AccountValidatorTest" time="0.001">
    <system-out><![CDATA[Running: TC08 - Null first name returns false (Null input)
Completed: TC08 - Null first name returns false (Null input)
]]></system-out>
  </testcase>
  <testcase name="tc09_validLastName" classname="com.seng324.AccountValidatorTest" time="0.001">
    <system-out><![CDATA[Running: TC09 - Valid last name returns true (EP: valid partition)
Completed: TC09 - Valid last name returns true (EP: valid partition)
]]></system-out>
  </testcase>
  <testcase name="tc10_emptyLastName" classname="com.seng324.AccountValidatorTest" time="0.002">
    <system-out><![CDATA[Running: TC10 - Empty last name returns false (EP: invalid partition)
Completed: TC10 - Empty last name returns false (EP: invalid partition)
]]></system-out>
  </testcase>
  <testcase name="tc11_lastNameWithDigits" classname="com.seng324.AccountValidatorTest" time="0.002">
    <system-out><![CDATA[Running: TC11 - Last name with digits returns false (EP: invalid partition)
Completed: TC11 - Last name with digits returns false (EP: invalid partition)
]]></system-out>
  </testcase>
  <testcase name="tc12_lastNameWithSpecialChars" classname="com.seng324.AccountValidatorTest" time="0.001">
    <system-out><![CDATA[Running: TC12 - Last name with special characters returns false (EP: invalid partition)
Completed: TC12 - Last name with special characters returns false (EP: invalid partition)
]]></system-out>
  </testcase>
  <testcase name="tc13_lastNameMinBoundary" classname="com.seng324.AccountValidatorTest" time="0.001">
    <system-out><![CDATA[Running: TC13 - Last name of 1 character returns true (BVA: min boundary)
Completed: TC13 - Last name of 1 character returns true (BVA: min boundary)
]]></system-out>
  </testcase>
  <testcase name="tc14_lastNameMaxBoundary" classname="com.seng324.AccountValidatorTest" time="0.002">
    <system-out><![CDATA[Running: TC14 - Last name of 50 characters returns true (BVA: max boundary)
Completed: TC14 - Last name of 50 characters returns true (BVA: max boundary)
]]></system-out>
  </testcase>
  <testcase name="tc15_lastNameAboveMax" classname="com.seng324.AccountValidatorTest" time="0.001">
    <system-out><![CDATA[Running: TC15 - Last name of 51 characters returns false (BVA: above max)
Completed: TC15 - Last name of 51 characters returns false (BVA: above max)
]]></system-out>
  </testcase>
  <testcase name="tc16_lastNameSqlInjection" classname="com.seng324.AccountValidatorTest" time="0.002">
    <system-out><![CDATA[Running: TC16 - Last name with SQL injection payload returns false (Robustness)
Completed: TC16 - Last name with SQL injection payload returns false (Robustness)
]]></system-out>
  </testcase>
  <testcase name="tc17_nullLastName" classname="com.seng324.AccountValidatorTest" time="0.001">
    <system-out><![CDATA[Running: TC17 - Null last name returns false (Null input)
Completed: TC17 - Null last name returns false (Null input)
]]></system-out>
  </testcase>
  <testcase name="tc18_validEmail" classname="com.seng324.AccountValidatorTest" time="0.002">
    <system-out><![CDATA[Running: TC18 - Valid email returns true (EP: valid partition)
Completed: TC18 - Valid email returns true (EP: valid partition)
]]></system-out>
  </testcase>
  <testcase name="tc19_emailMissingAt" classname="com.seng324.AccountValidatorTest" time="0.003">
    <system-out><![CDATA[Running: TC19 - Email missing @ returns false (EP: invalid partition)
Completed: TC19 - Email missing @ returns false (EP: invalid partition)
]]></system-out>
  </testcase>
  <testcase name="tc20_emptyEmail" classname="com.seng324.AccountValidatorTest" time="0.001">
    <system-out><![CDATA[Running: TC20 - Empty email returns false (EP: invalid partition)
Completed: TC20 - Empty email returns false (EP: invalid partition)
]]></system-out>
  </testcase>
  <testcase name="tc21_emailMissingDomainExtension" classname="com.seng324.AccountValidatorTest" time="0.002">
    <system-out><![CDATA[Running: TC21 - Email without domain extension returns false (EP: invalid partition)
Completed: TC21 - Email without domain extension returns false (EP: invalid partition)
]]></system-out>
  </testcase>
  <testcase name="tc22_emailMissingLocalPart" classname="com.seng324.AccountValidatorTest" time="0.003">
    <system-out><![CDATA[Running: TC22 - Email without local part returns false (EP: invalid partition)
Completed: TC22 - Email without local part returns false (EP: invalid partition)
]]></system-out>
  </testcase>
  <testcase name="tc23_emailWithSpaces" classname="com.seng324.AccountValidatorTest" time="0.002">
    <system-out><![CDATA[Running: TC23 - Email with spaces returns false (EP: invalid partition)
Completed: TC23 - Email with spaces returns false (EP: invalid partition)
]]></system-out>
  </testcase>
  <testcase name="tc24_nullEmail" classname="com.seng324.AccountValidatorTest" time="0.002">
    <system-out><![CDATA[Running: TC24 - Null email returns false (Null input)
Completed: TC24 - Null email returns false (Null input)
]]></system-out>
  </testcase>
  <testcase name="tc25_validDob" classname="com.seng324.AccountValidatorTest" time="0.011">
    <system-out><![CDATA[Running: TC25 - Valid date of birth returns true (EP: valid partition)
Completed: TC25 - Valid date of birth returns true (EP: valid partition)
]]></system-out>
  </testcase>
  <testcase name="tc26_dobWrongFormat" classname="com.seng324.AccountValidatorTest" time="0.001">
    <system-out><![CDATA[Running: TC26 - DOB with wrong format returns false (EP: invalid partition)
Completed: TC26 - DOB with wrong format returns false (EP: invalid partition)
]]></system-out>
  </testcase>
  <testcase name="tc27_dobFutureYear" classname="com.seng324.AccountValidatorTest" time="0.002">
    <system-out><![CDATA[Running: TC27 - DOB with future year returns false (EP + BVA: above boundary)
Completed: TC27 - DOB with future year returns false (EP + BVA: above boundary)
]]></system-out>
  </testcase>
  <testcase name="tc28_impossibleDate" classname="com.seng324.AccountValidatorTest" time="0.003">
    <system-out><![CDATA[Running: TC28 - Impossible date (Feb 31st) returns false (EP: invalid partition)
Completed: TC28 - Impossible date (Feb 31st) returns false (EP: invalid partition)
]]></system-out>
  </testcase>
  <testcase name="tc29_dobToday" classname="com.seng324.AccountValidatorTest" time="0.002">
    <system-out><![CDATA[Running: TC29 - DOB of today returns true (BVA: at upper boundary)
Completed: TC29 - DOB of today returns true (BVA: at upper boundary)
]]></system-out>
  </testcase>
  <testcase name="tc30_dobExactly120YearsAgo" classname="com.seng324.AccountValidatorTest" time="0.001">
    <system-out><![CDATA[Running: TC30 - DOB exactly 120 years ago returns true (BVA: lower boundary)
Completed: TC30 - DOB exactly 120 years ago returns true (BVA: lower boundary)
]]></system-out>
  </testcase>
  <testcase name="tc31_dobOlderThan120Years" classname="com.seng324.AccountValidatorTest" time="0.002">
    <system-out><![CDATA[Running: TC31 - DOB older than 120 years returns false (BVA: below lower boundary)
Completed: TC31 - DOB older than 120 years returns false (BVA: below lower boundary)
]]></system-out>
  </testcase>
  <testcase name="tc32_validPassword" classname="com.seng324.AccountValidatorTest" time="0.003">
    <system-out><![CDATA[Running: TC32 - Valid password returns true (EP: valid partition)
Completed: TC32 - Valid password returns true (EP: valid partition)
]]></system-out>
  </testcase>
  <testcase name="tc33_passwordNoUppercase" classname="com.seng324.AccountValidatorTest" time="0.002">
    <system-out><![CDATA[Running: TC33 - Password with no uppercase returns false (EP: invalid partition)
Completed: TC33 - Password with no uppercase returns false (EP: invalid partition)
]]></system-out>
  </testcase>
  <testcase name="tc34_passwordNoDigit" classname="com.seng324.AccountValidatorTest" time="0.003">
    <system-out><![CDATA[Running: TC34 - Password without digit returns false (EP: invalid partition)
Completed: TC34 - Password without digit returns false (EP: invalid partition)
]]></system-out>
  </testcase>
  <testcase name="tc35_passwordNoSpecialChar" classname="com.seng324.AccountValidatorTest" time="0.001">
    <system-out><![CDATA[Running: TC35 - Password with no special char returns false (EP: invalid partition)
Completed: TC35 - Password with no special char returns false (EP: invalid partition)
]]></system-out>
  </testcase>
  <testcase name="tc36_passwordBelowMin" classname="com.seng324.AccountValidatorTest" time="0.001">
    <system-out><![CDATA[Running: TC36 - Password of 7 characters returns false (BVA: below min)
Completed: TC36 - Password of 7 characters returns false (BVA: below min)
]]></system-out>
  </testcase>
  <testcase name="tc37_passwordAtMin" classname="com.seng324.AccountValidatorTest" time="0.002">
    <system-out><![CDATA[Running: TC37 - Password of exactly 8 characters returns true (BVA: at min)
Completed: TC37 - Password of exactly 8 characters returns true (BVA: at min)
]]></system-out>
  </testcase>
  <testcase name="tc38_passwordBelowMax" classname="com.seng324.AccountValidatorTest" time="0.001">
    <system-out><![CDATA[Running: TC38 - Password of 63 characters returns true (BVA: below max)
Completed: TC38 - Password of 63 characters returns true (BVA: below max)
]]></system-out>
  </testcase>
  <testcase name="tc39_passwordAtMax" classname="com.seng324.AccountValidatorTest" time="0.001">
    <system-out><![CDATA[Running: TC39 - Password of exactly 64 characters returns true (BVA: at max)
Completed: TC39 - Password of exactly 64 characters returns true (BVA: at max)
]]></system-out>
  </testcase>
  <testcase name="tc40_passwordAboveMax" classname="com.seng324.AccountValidatorTest" time="0.002">
    <system-out><![CDATA[Running: TC40 - Password of 65 characters returns false (BVA: above max)
Completed: TC40 - Password of 65 characters returns false (BVA: above max)
]]></system-out>
  </testcase>
  <testcase name="tc41_confirmPasswordMatch" classname="com.seng324.AccountValidatorTest" time="0.001">
    <system-out><![CDATA[Running: TC41 - Matching confirm password returns true (EP: valid partition)
Completed: TC41 - Matching confirm password returns true (EP: valid partition)
]]></system-out>
  </testcase>
  <testcase name="tc42_confirmPasswordMismatch" classname="com.seng324.AccountValidatorTest" time="0.002">
    <system-out><![CDATA[Running: TC42 - Mismatched confirm password returns false (EP: invalid partition)
Completed: TC42 - Mismatched confirm password returns false (EP: invalid partition)
]]></system-out>
  </testcase>
  <testcase name="tc43_nullConfirmPassword" classname="com.seng324.AccountValidatorTest" time="0.002">
    <system-out><![CDATA[Running: TC43 - Null confirm password returns false (Null input)
Completed: TC43 - Null confirm password returns false (Null input)
]]></system-out>
  </testcase>
  <testcase name="tc44_bothNullPasswords" classname="com.seng324.AccountValidatorTest" time="0.002">
    <system-out><![CDATA[Running: TC44 - Both password and confirm password null returns false (Null input)
Completed: TC44 - Both password and confirm password null returns false (Null input)
]]></system-out>
  </testcase>
</testsuite>